# JRE version: Java(TM) SE Runtime Environment 18.9 (11.0.11+9) (build 11.0.11+9-LTS-194)
# Java VM: Java HotSpot(TM) 64-Bit Server VM 18.9 (11.0.11+9-LTS-194, mixed mode, tiered, compressed oops, g1 gc, windows-amd64)
Heap:
 garbage-first heap   total 262144K, used 62002K [0x00000000e0000000, 0x0000000100000000)
  region size 1024K, 11 young (11264K), 10 survivors (10240K)
 Metaspace       used 60651K, capacity 62629K, committed 62884K, reserved 309248K
  class space    used 7771K, capacity 8513K, committed 8576K, reserved 253952K
GC Heap History (10 events):
Event: 21.361 GC heap before
{Heap before GC invocations=7 (full 0):
 garbage-first heap   total 262144K, used 172252K [0x00000000e0000000, 0x0000000100000000)
  region size 1024K, 153 young (156672K), 15 survivors (15360K)
 Metaspace       used 52907K, capacity 54396K, committed 54728K, reserved 303104K
  class space    used 6901K, capacity 7456K, committed 7552K, reserved 253952K
}
Event: 21.385 GC heap after
{Heap after GC invocations=8 (full 0):
 garbage-first heap   total 262144K, used 37715K [0x00000000e0000000, 0x0000000100000000)
  region size 1024K, 16 young (16384K), 16 survivors (16384K)
 Metaspace       used 52907K, capacity 54396K, committed 54728K, reserved 303104K
  class space    used 6901K, capacity 7456K, committed 7552K, reserved 253952K
}
Event: 24.056 GC heap before
{Heap before GC invocations=8 (full 0):
 garbage-first heap   total 262144K, used 123731K [0x00000000e0000000, 0x0000000100000000)
  region size 1024K, 102 young (104448K), 16 survivors (16384K)
 Metaspace       used 58155K, capacity 59976K, committed 60068K, reserved 307200K
  class space    used 7625K, capacity 8298K, committed 8320K, reserved 253952K
}
Event: 24.080 GC heap after
{Heap after GC invocations=9 (full 0):
 garbage-first heap   total 262144K, used 44005K [0x00000000e0000000, 0x0000000100000000)
  region size 1024K, 15 young (15360K), 15 survivors (15360K)
 Metaspace       used 58155K, capacity 59976K, committed 60068K, reserved 307200K
  class space    used 7625K, capacity 8298K, committed 8320K, reserved 253952K
}
Event: 26.955 GC heap before
{Heap before GC invocations=10 (full 0):
 garbage-first heap   total 262144K, used 179173K [0x00000000e0000000, 0x0000000100000000)
  region size 1024K, 147 young (150528K), 15 survivors (15360K)
 Metaspace       used 59364K, capacity 61241K, committed 61476K, reserved 307200K
  class space    used 7673K, capacity 8363K, committed 8448K, reserved 253952K
}
Event: 26.979 GC heap after
{Heap after GC invocations=11 (full 0):
 garbage-first heap   total 262144K, used 53530K [0x00000000e0000000, 0x0000000100000000)
  region size 1024K, 16 young (16384K), 16 survivors (16384K)
 Metaspace       used 59364K, capacity 61241K, committed 61476K, reserved 307200K
  class space    used 7673K, capacity 8363K, committed 8448K, reserved 253952K
}
Event: 27.854 GC heap before
{Heap before GC invocations=11 (full 0):
 garbage-first heap   total 262144K, used 188698K [0x00000000e0000000, 0x0000000100000000)
  region size 1024K, 148 young (151552K), 16 survivors (16384K)
 Metaspace       used 59628K, capacity 61510K, committed 61732K, reserved 309248K
  class space    used 7675K, capacity 8366K, committed 8448K, reserved 253952K
}
Event: 27.874 GC heap after
{Heap after GC invocations=12 (full 0):
 garbage-first heap   total 262144K, used 59212K [0x00000000e0000000, 0x0000000100000000)
  region size 1024K, 16 young (16384K), 16 survivors (16384K)
 Metaspace       used 59628K, capacity 61510K, committed 61732K, reserved 309248K
  class space    used 7675K, capacity 8366K, committed 8448K, reserved 253952K
}
Event: 232.200 GC heap before
{Heap before GC invocations=12 (full 0):
 garbage-first heap   total 262144K, used 195404K [0x00000000e0000000, 0x0000000100000000)
  region size 1024K, 149 young (152576K), 16 survivors (16384K)
 Metaspace       used 60648K, capacity 62628K, committed 62884K, reserved 309248K
  class space    used 7771K, capacity 8513K, committed 8576K, reserved 253952K
}
Event: 232.734 GC heap after
{Heap after GC invocations=13 (full 0):
 garbage-first heap   total 262144K, used 62002K [0x00000000e0000000, 0x0000000100000000)
  region size 1024K, 10 young (10240K), 10 survivors (10240K)
 Metaspace       used 60648K, capacity 62628K, committed 62884K, reserved 309248K
  class space    used 7771K, capacity 8513K, committed 8576K, reserved 253952K
}

